<?xml version="1.0" encoding="UTF-8"?>
<testng-results ignored="0" total="1" passed="1" failed="0" skipped="0">
  <reporter-output>
  </reporter-output>
  <suite started-at="2022-11-21T16:28:16 IST" name="Default suite" finished-at="2022-11-21T16:28:17 IST" duration-ms="40">
    <groups>
    </groups>
    <test started-at="2022-11-21T16:28:16 IST" name="Default test" finished-at="2022-11-21T16:28:17 IST" duration-ms="40">
      <class name="MVN_Practice_package.Sample2">
        <test-method signature="demo()[pri:0, instance:MVN_Practice_package.Sample2@383bfa16]" started-at="2022-11-21T16:28:17 IST" name="demo" finished-at="2022-11-21T16:28:17 IST" duration-ms="0" status="PASS">
          <reporter-output>
          </reporter-output>
        </test-method> <!-- demo -->
      </class> <!-- MVN_Practice_package.Sample2 -->
    </test> <!-- Default test -->
  </suite> <!-- Default suite -->
</testng-results>
